z:\winapithirdfull-main\winapithird-dev\n-angledll\n-angledll\x64\debug\n-angledll.pch
z:\winapithirdfull-main\winapithird-dev\n-angledll\n-angledll\x64\debug\vc143.pdb
z:\winapithirdfull-main\winapithird-dev\n-angledll\n-angledll\x64\debug\vc143.idb
z:\winapithirdfull-main\winapithird-dev\n-angledll\n-angledll\x64\debug\pch.obj
z:\winapithirdfull-main\winapithird-dev\n-angledll\n-angledll\x64\debug\nangledll.obj
z:\winapithirdfull-main\winapithird-dev\n-angledll\n-angledll\x64\debug\dllmain.obj
z:\winapithirdfull-main\winapithird-dev\n-angledll\n-angledll\x64\debug\n-angledll.ilk
z:\winapithirdfull-main\winapithird-dev\n-angledll\x64\debug\n-angledll.dll
z:\winapithirdfull-main\winapithird-dev\n-angledll\x64\debug\n-angledll.pdb
z:\winapithirdfull-main\winapithird-dev\n-angledll\x64\debug\n-angledll.lib
z:\winapithirdfull-main\winapithird-dev\n-angledll\x64\debug\n-angledll.exp
z:\osisp\lr_3\n-angledll\n-angledll\x64\debug\dllmain.obj
z:\osisp\lr_3\n-angledll\n-angledll\x64\debug\pch.obj
z:\osisp\lr_3\n-angledll\n-angledll\x64\debug\nangledll.obj
z:\osisp\lr_3\n-angledll\n-angledll\x64\debug\n-angledll.ilk
z:\osisp\lr_3\n-angledll\n-angledll\x64\debug\n-angledll.pch
z:\osisp\lr_3\n-angledll\n-angledll\x64\debug\vc143.idb
z:\osisp\lr_3\n-angledll\n-angledll\x64\debug\vc143.pdb
z:\osisp\lr_3\n-angledll\x64\debug\n-angledll.pdb
z:\osisp\lr_3\n-angledll\x64\debug\n-angledll.dll
z:\osisp\lr_3\n-angledll\n-angledll\x64\debug\n-angledll.tlog\cl.read.1.tlog
z:\osisp\lr_3\n-angledll\n-angledll\x64\debug\n-angledll.tlog\link.read.1.tlog
z:\osisp\lr_3\n-angledll\n-angledll\x64\debug\n-angledll.tlog\link.command.1.tlog
z:\osisp\lr_3\n-angledll\n-angledll\x64\debug\n-angledll.tlog\cl.write.1.tlog
z:\osisp\lr_3\n-angledll\n-angledll\x64\debug\n-angledll.tlog\link.write.1.tlog
z:\osisp\lr_3\n-angledll\n-angledll\x64\debug\n-angledll.tlog\cl.command.1.tlog
z:\osisp\lr_3\n-angledll\n-angledll\x64\debug\n-angledll.tlog\n-angledll.write.1u.tlog
