z:\winapithirdfull-main\winapithird-dev\n-angledll\x64\debug\dllquadr.lib
z:\winapithirdfull-main\winapithird-dev\n-angledll\x64\debug\dllquadr.exp
z:\winapithirdfull-main\winapithird-dev\n-angledll\dllquadr\x64\debug\dllquadr.ilk
z:\winapithirdfull-main\winapithird-dev\n-angledll\x64\debug\dllquadr.dll
z:\winapithirdfull-main\winapithird-dev\n-angledll\x64\debug\dllquadr.pdb
z:\winapithirdfull-main\winapithird-dev\n-angledll\dllquadr\x64\debug\dllquadr.pch
z:\winapithirdfull-main\winapithird-dev\n-angledll\dllquadr\x64\debug\vc143.pdb
z:\winapithirdfull-main\winapithird-dev\n-angledll\dllquadr\x64\debug\vc143.idb
z:\winapithirdfull-main\winapithird-dev\n-angledll\dllquadr\x64\debug\pch.obj
z:\winapithirdfull-main\winapithird-dev\n-angledll\dllquadr\x64\debug\dllquadr.obj
z:\winapithirdfull-main\winapithird-dev\n-angledll\dllquadr\x64\debug\dllmain.obj
z:\osisp\lr_3\n-angledll\dllquadr\x64\debug\dllquadr.obj
z:\osisp\lr_3\n-angledll\dllquadr\x64\debug\dllmain.obj
z:\osisp\lr_3\n-angledll\dllquadr\x64\debug\pch.obj
z:\osisp\lr_3\n-angledll\dllquadr\x64\debug\dllquadr.ilk
z:\osisp\lr_3\n-angledll\dllquadr\x64\debug\dllquadr.pch
z:\osisp\lr_3\n-angledll\dllquadr\x64\debug\vc143.idb
z:\osisp\lr_3\n-angledll\dllquadr\x64\debug\vc143.pdb
z:\osisp\lr_3\n-angledll\x64\debug\dllquadr.pdb
z:\osisp\lr_3\n-angledll\x64\debug\dllquadr.dll
z:\osisp\lr_3\n-angledll\dllquadr\x64\debug\dllquadr.tlog\cl.read.1.tlog
z:\osisp\lr_3\n-angledll\dllquadr\x64\debug\dllquadr.tlog\cl.command.1.tlog
z:\osisp\lr_3\n-angledll\dllquadr\x64\debug\dllquadr.tlog\dllquadr.write.1u.tlog
z:\osisp\lr_3\n-angledll\dllquadr\x64\debug\dllquadr.tlog\link.read.1.tlog
z:\osisp\lr_3\n-angledll\dllquadr\x64\debug\dllquadr.tlog\link.command.1.tlog
z:\osisp\lr_3\n-angledll\dllquadr\x64\debug\dllquadr.tlog\link.write.1.tlog
z:\osisp\lr_3\n-angledll\dllquadr\x64\debug\dllquadr.tlog\cl.write.1.tlog
